<?xml version="1.0" encoding="UTF-8"?>
<!-- Generated by org.testng.reporters.JUnitXMLReporter -->
<testsuite ignored="1" hostname="GGKU5DELL1725" failures="0" tests="5" name="Test" time="0.037" errors="0" timestamp="2022-09-13T17:06:48 IST">
  <testcase classname="test2.Session_28_enable" name="APIloginPersonalLoan" time="0.009"/>
  <testcase classname="test2.Session_28_enable" name="APIloginautoLoan" time="0.001"/>
  <testcase classname="test2.Session_28_enable" name="AutoMobileloginLoan" time="0.0"/>
  <testcase classname="test2.Session_28_enable" name="WebloginAutoLoan" time="0.001"/>
  <testcase classname="test2.Session_28_enable" name="WebloginPersonalLoan" time="0.001"/>
  <testcase classname="test2.Session_28_enable" name="MobileloginPersonalLoan" time="0.0">
    <ignored/>
  </testcase> <!-- MobileloginPersonalLoan -->
</testsuite> <!-- Test -->
