<?xml version="1.0" encoding="UTF-8"?>
<!-- Generated by org.testng.reporters.JUnitXMLReporter -->
<testsuite ignored="0" hostname="GGKU5DELL1725" failures="0" tests="5" name="Sanity Testing" time="0.041" errors="0" timestamp="2022-09-21T14:28:05 IST">
  <testcase classname="batch_testing.HomeScreenTest" name="launchapplication" time="0.008"/>
  <testcase classname="batch_testing.HomeScreenTest" name="verifylogo" time="0.001"/>
  <testcase classname="batch_testing.HomeScreenTest" name="verifytitle" time="0.001"/>
  <testcase classname="batch_testing.LoginTest" name="loginbyemail" time="0.0"/>
  <testcase classname="batch_testing.LoginTest" name="loginbymobilenumber" time="0.001"/>
</testsuite> <!-- Sanity Testing -->
