<?xml version="1.0" encoding="UTF-8"?>
<!-- Generated by org.testng.reporters.JUnitXMLReporter -->
<testsuite ignored="0" hostname="GGKU5DELL1725" failures="0" tests="4" name="Test" time="0.032" errors="0" timestamp="2022-10-01T06:55:09 IST">
  <testcase classname="testng_reports.TestNGReportsExample" name="testMethod1" time="0.005"/>
  <testcase classname="testng_reports.TestNGReportsExample" name="testMethod2" time="0.001"/>
  <testcase classname="testng_reports.TestNGReportsExample" name="testMethod3" time="0.0"/>
  <testcase classname="testng_reports.TestNGReportsExample" name="testMethod4" time="0.0"/>
</testsuite> <!-- Test -->
